<?xml version="1.0" encoding="UTF-8"?>
<testng-results skipped="0" failed="0" ignored="0" total="1" passed="1">
  <reporter-output>
  </reporter-output>
  <suite name="Default suite" duration-ms="13348" started-at="2020-08-31T20:42:59Z" finished-at="2020-08-31T20:43:13Z">
    <groups>
    </groups>
    <test name="Default test" duration-ms="13348" started-at="2020-08-31T20:42:59Z" finished-at="2020-08-31T20:43:13Z">
      <class name="com.brainyquote.qa.Testcases.AuthorsTest">
        <test-method status="PASS" signature="gotoPage()[pri:0, instance:com.brainyquote.qa.Testcases.AuthorsTest@28d25987]" name="gotoPage" is-config="true" duration-ms="10064" started-at="2020-09-01T02:12:59Z" finished-at="2020-09-01T02:13:09Z">
          <reporter-output>
          </reporter-output>
        </test-method> <!-- gotoPage -->
        <test-method status="PASS" signature="fetch_All_AuthorsName()[pri:0, instance:com.brainyquote.qa.Testcases.AuthorsTest@28d25987]" name="fetch_All_AuthorsName" duration-ms="2379" started-at="2020-09-01T02:13:09Z" finished-at="2020-09-01T02:13:12Z">
          <reporter-output>
          </reporter-output>
        </test-method> <!-- fetch_All_AuthorsName -->
        <test-method status="PASS" signature="teardown()[pri:0, instance:com.brainyquote.qa.Testcases.AuthorsTest@28d25987]" name="teardown" is-config="true" duration-ms="871" started-at="2020-09-01T02:13:12Z" finished-at="2020-09-01T02:13:13Z">
          <reporter-output>
          </reporter-output>
        </test-method> <!-- teardown -->
      </class> <!-- com.brainyquote.qa.Testcases.AuthorsTest -->
    </test> <!-- Default test -->
  </suite> <!-- Default suite -->
</testng-results>
