<?xml version="1.0" encoding="UTF-8"?>
<!-- Generated by org.testng.reporters.JUnitXMLReporter -->
<testsuite hostname="subha-pc" ignored="2" name="Default test" tests="2" failures="0" timestamp="20 Aug 2020 20:48:41 GMT" time="21.031" errors="0">
  <testcase name="loginTest" time="2.841" classname="com.muvi.qa.TestCases.LoginpageTest"/>
  <testcase name="freeTrialTest" time="0.0" classname="com.muvi.qa.TestCases.LoginpageTest">
    <skipped/>
  </testcase> <!-- freeTrialTest -->
  <testcase name="loginpagetitel_validation" time="0.0" classname="com.muvi.qa.TestCases.LoginpageTest">
    <ignored/>
  </testcase> <!-- loginpagetitel_validation -->
  <testcase name="loginpagevalidation" time="0.0" classname="com.muvi.qa.TestCases.LoginpageTest">
    <ignored/>
  </testcase> <!-- loginpagevalidation -->
</testsuite> <!-- Default test -->
