<?xml version="1.0" encoding="UTF-8"?>
<testng-results skipped="1" failed="0" ignored="2" total="4" passed="1">
  <reporter-output>
  </reporter-output>
  <suite name="Default suite" duration-ms="21031" started-at="2020-08-20T20:48:20Z" finished-at="2020-08-20T20:48:41Z">
    <groups>
    </groups>
    <test name="Default test" duration-ms="21031" started-at="2020-08-20T20:48:20Z" finished-at="2020-08-20T20:48:41Z">
      <class name="com.muvi.qa.TestCases.LoginpageTest">
        <test-method status="PASS" signature="loginToBrowser()[pri:0, instance:com.muvi.qa.TestCases.LoginpageTest@91161c7]" name="loginToBrowser" is-config="true" duration-ms="16469" started-at="2020-08-21T02:18:20Z" finished-at="2020-08-21T02:18:37Z">
          <reporter-output>
          </reporter-output>
        </test-method> <!-- loginToBrowser -->
        <test-method status="PASS" signature="loginTest()[pri:3, instance:com.muvi.qa.TestCases.LoginpageTest@91161c7]" name="loginTest" duration-ms="2841" started-at="2020-08-21T02:18:37Z" finished-at="2020-08-21T02:18:40Z">
          <reporter-output>
          </reporter-output>
        </test-method> <!-- loginTest -->
        <test-method status="PASS" signature="outOfbrowser()[pri:0, instance:com.muvi.qa.TestCases.LoginpageTest@91161c7]" name="outOfbrowser" is-config="true" duration-ms="1" started-at="2020-08-21T02:18:40Z" finished-at="2020-08-21T02:18:40Z">
          <reporter-output>
          </reporter-output>
        </test-method> <!-- outOfbrowser -->
        <test-method status="SKIP" signature="freeTrialTest(java.lang.String, java.lang.String, java.lang.String, java.lang.String, java.lang.String)[pri:4, instance:com.muvi.qa.TestCases.LoginpageTest@91161c7]" name="freeTrialTest" duration-ms="0" started-at="2020-08-21T02:18:41Z" data-provider="getFreetrailFormdata" finished-at="2020-08-21T02:18:41Z">
          <exception class="java.lang.RuntimeException">
            <message>
              <![CDATA[java.lang.NullPointerException]]>
            </message>
            <full-stacktrace>
              <![CDATA[java.lang.RuntimeException: java.lang.NullPointerException
	at org.testng.internal.MethodInvocationHelper.invokeMethodNoCheckedException(MethodInvocationHelper.java:49)
	at org.testng.internal.MethodInvocationHelper.invokeDataProvider(MethodInvocationHelper.java:115)
	at org.testng.internal.Parameters.handleParameters(Parameters.java:509)
	at org.testng.internal.Invoker.handleParameters(Invoker.java:1308)
	at org.testng.internal.Invoker.createParameters(Invoker.java:1036)
	at org.testng.internal.Invoker.invokeTestMethods(Invoker.java:1126)
	at org.testng.internal.TestMethodWorker.invokeTestMethods(TestMethodWorker.java:126)
	at org.testng.internal.TestMethodWorker.run(TestMethodWorker.java:109)
	at org.testng.TestRunner.privateRun(TestRunner.java:744)
	at org.testng.TestRunner.run(TestRunner.java:602)
	at org.testng.SuiteRunner.runTest(SuiteRunner.java:380)
	at org.testng.SuiteRunner.runSequentially(SuiteRunner.java:375)
	at org.testng.SuiteRunner.privateRun(SuiteRunner.java:340)
	at org.testng.SuiteRunner.run(SuiteRunner.java:289)
	at org.testng.SuiteRunnerWorker.runSuite(SuiteRunnerWorker.java:52)
	at org.testng.SuiteRunnerWorker.run(SuiteRunnerWorker.java:86)
	at org.testng.TestNG.runSuitesSequentially(TestNG.java:1301)
	at org.testng.TestNG.runSuitesLocally(TestNG.java:1226)
	at org.testng.TestNG.runSuites(TestNG.java:1144)
	at org.testng.TestNG.run(TestNG.java:1115)
	at org.testng.remote.AbstractRemoteTestNG.run(AbstractRemoteTestNG.java:114)
	at org.testng.remote.RemoteTestNG.initAndRun(RemoteTestNG.java:251)
	at org.testng.remote.RemoteTestNG.main(RemoteTestNG.java:77)
Caused by: java.lang.NullPointerException
	at com.muvi.qa.util.TestUtil.getTestData(TestUtil.java:66)
	at com.muvi.qa.TestCases.LoginpageTest.getFreetrailFormdata(LoginpageTest.java:81)
	at sun.reflect.NativeMethodAccessorImpl.invoke0(Native Method)
	at sun.reflect.NativeMethodAccessorImpl.invoke(NativeMethodAccessorImpl.java:62)
	at sun.reflect.DelegatingMethodAccessorImpl.invoke(DelegatingMethodAccessorImpl.java:43)
	at java.lang.reflect.Method.invoke(Method.java:498)
	at org.testng.internal.MethodInvocationHelper.invokeMethod(MethodInvocationHelper.java:108)
	at org.testng.internal.MethodInvocationHelper.invokeMethod(MethodInvocationHelper.java:55)
	at org.testng.internal.MethodInvocationHelper.invokeMethodNoCheckedException(MethodInvocationHelper.java:45)
	... 22 more
]]>
            </full-stacktrace>
          </exception> <!-- java.lang.RuntimeException -->
          <reporter-output>
          </reporter-output>
        </test-method> <!-- freeTrialTest -->
      </class> <!-- com.muvi.qa.TestCases.LoginpageTest -->
    </test> <!-- Default test -->
  </suite> <!-- Default suite -->
</testng-results>
